-------------------------------------------------------------------------------
Test set: group9.group9.ProfileControllerTests
-------------------------------------------------------------------------------
Tests run: 20, Failures: 0, Errors: 2, Skipped: 0, Time elapsed: 0.358 s <<< FAILURE! - in group9.group9.ProfileControllerTests
profileSubmitShouldFailOnEmptyEmail  Time elapsed: 0.001 s  <<< ERROR!
org.springframework.web.util.NestedServletException: Request processing failed; nested exception is java.lang.NullPointerException
	at group9.group9.ProfileControllerTests.profileSubmitShouldFailOnEmptyEmail(ProfileControllerTests.java:234)
Caused by: java.lang.NullPointerException
	at group9.group9.ProfileControllerTests.profileSubmitShouldFailOnEmptyEmail(ProfileControllerTests.java:234)

profileSubmitShouldFailOnNonNumberPhoneNumber  Time elapsed: 0.001 s  <<< ERROR!
org.springframework.web.util.NestedServletException: Request processing failed; nested exception is java.lang.NullPointerException
	at group9.group9.ProfileControllerTests.profileSubmitShouldFailOnNonNumberPhoneNumber(ProfileControllerTests.java:189)
Caused by: java.lang.NullPointerException
	at group9.group9.ProfileControllerTests.profileSubmitShouldFailOnNonNumberPhoneNumber(ProfileControllerTests.java:189)

